Build started 27/04/2021 4:02:29 pm.
     1>Project "c:\Users\ADMIN\documents\visual studio 2012\Projects\TextSDL2D\TextSDL2D\TextSDL2D.vcxproj" on node 2 (Build target(s)).
     1>ClCompile:
         C:\Program Files (x86)\Microsoft Visual Studio 11.0\VC\bin\CL.exe /c /ZI /nologo /W3 /WX- /sdl /Od /Oy- /D WIN32 /D _DEBUG /D _CONSOLE /D _UNICODE /D UNICODE /Gm /EHsc /RTC1 /MDd /GS /fp:precise /Zc:wchar_t /Zc:forScope /Yu"stdafx.h" /Fp"Debug\TextSDL2D.pch" /Fo"Debug\\" /Fd"Debug\vc110.pdb" /Gd /TP /analyze- /errorReport:prompt main.cpp
         main.cpp
     1>c:\users\admin\documents\visual studio 2012\projects\textsdl2d\textsdl2d\geometric.h(17): warning C4091: 'typedef ' : ignored on left of 'GeometricFormat' when no variable is declared
     1>c:\users\admin\documents\visual studio 2012\projects\textsdl2d\textsdl2d\geometric.h(25): warning C4091: 'typedef ' : ignored on left of 'ColorData' when no variable is declared
     1>c:\users\admin\documents\visual studio 2012\projects\textsdl2d\textsdl2d\bossobject.h(11): warning C4005: 'PLAYER_SPEED' : macro redefinition
                 c:\users\admin\documents\visual studio 2012\projects\textsdl2d\textsdl2d\mainobject.h(11) : see previous definition of 'PLAYER_SPEED'
     1>c:\users\admin\documents\visual studio 2012\projects\textsdl2d\textsdl2d\bossobject.h(21): warning C4244: '=' : conversion from 'int' to 'float', possible loss of data
     1>c:\users\admin\documents\visual studio 2012\projects\textsdl2d\textsdl2d\bossobject.h(22): warning C4244: '=' : conversion from 'int' to 'float', possible loss of data
     1>c:\users\admin\documents\visual studio 2012\projects\textsdl2d\textsdl2d\main.cpp(111): warning C4244: 'argument' : conversion from 'int' to 'const float', possible loss of data
     1>c:\users\admin\documents\visual studio 2012\projects\textsdl2d\textsdl2d\main.cpp(132): warning C4244: 'argument' : conversion from 'int' to 'const float', possible loss of data
     1>c:\users\admin\documents\visual studio 2012\projects\textsdl2d\textsdl2d\main.cpp(136): warning C4244: 'initializing' : conversion from 'float' to 'int', possible loss of data
     1>c:\users\admin\documents\visual studio 2012\projects\textsdl2d\textsdl2d\main.cpp(137): warning C4244: 'initializing' : conversion from 'float' to 'int', possible loss of data
     1>c:\users\admin\documents\visual studio 2012\projects\textsdl2d\textsdl2d\main.cpp(172): warning C4244: 'argument' : conversion from 'double' to 'const int', possible loss of data
     1>c:\users\admin\documents\visual studio 2012\projects\textsdl2d\textsdl2d\main.cpp(182): warning C4244: 'initializing' : conversion from 'double' to 'int', possible loss of data
     1>c:\users\admin\documents\visual studio 2012\projects\textsdl2d\textsdl2d\main.cpp(275): warning C4018: '<' : signed/unsigned mismatch
     1>c:\users\admin\documents\visual studio 2012\projects\textsdl2d\textsdl2d\main.cpp(295): warning C4244: 'initializing' : conversion from 'double' to 'int', possible loss of data
     1>c:\users\admin\documents\visual studio 2012\projects\textsdl2d\textsdl2d\main.cpp(296): warning C4244: 'initializing' : conversion from 'double' to 'int', possible loss of data
     1>c:\users\admin\documents\visual studio 2012\projects\textsdl2d\textsdl2d\main.cpp(332): warning C4018: '<' : signed/unsigned mismatch
     1>c:\users\admin\documents\visual studio 2012\projects\textsdl2d\textsdl2d\main.cpp(347): warning C4018: '<' : signed/unsigned mismatch
     1>c:\users\admin\documents\visual studio 2012\projects\textsdl2d\textsdl2d\main.cpp(379): warning C4244: 'initializing' : conversion from 'double' to 'int', possible loss of data
     1>c:\users\admin\documents\visual studio 2012\projects\textsdl2d\textsdl2d\main.cpp(380): warning C4244: 'initializing' : conversion from 'double' to 'int', possible loss of data
     1>c:\users\admin\documents\visual studio 2012\projects\textsdl2d\textsdl2d\main.cpp(420): warning C4018: '<' : signed/unsigned mismatch
     1>c:\users\admin\documents\visual studio 2012\projects\textsdl2d\textsdl2d\main.cpp(426): warning C4018: '<' : signed/unsigned mismatch
     1>c:\users\admin\documents\visual studio 2012\projects\textsdl2d\textsdl2d\main.cpp(447): warning C4244: 'initializing' : conversion from 'double' to 'int', possible loss of data
     1>c:\users\admin\documents\visual studio 2012\projects\textsdl2d\textsdl2d\main.cpp(448): warning C4244: 'initializing' : conversion from 'double' to 'int', possible loss of data
     1>c:\users\admin\documents\visual studio 2012\projects\textsdl2d\textsdl2d\main.cpp(495): warning C4244: 'argument' : conversion from 'double' to 'int', possible loss of data
     1>c:\users\admin\documents\visual studio 2012\projects\textsdl2d\textsdl2d\main.cpp(502): warning C4244: 'argument' : conversion from 'double' to 'int', possible loss of data
     1>c:\users\admin\documents\visual studio 2012\projects\textsdl2d\textsdl2d\main.cpp(523): warning C4018: '<' : signed/unsigned mismatch
     1>c:\users\admin\documents\visual studio 2012\projects\textsdl2d\textsdl2d\main.cpp(590): warning C4018: '<' : signed/unsigned mismatch
       Link:
         C:\Program Files (x86)\Microsoft Visual Studio 11.0\VC\bin\link.exe /ERRORREPORT:PROMPT /OUT:"c:\users\admin\documents\visual studio 2012\Projects\TextSDL2D\Debug\TextSDL2D.exe" /INCREMENTAL /NOLOGO SDL2.lib SDL2main.lib SDL2_image.lib SDL2_mixer.lib SDL2_ttf.lib kernel32.lib user32.lib gdi32.lib winspool.lib comdlg32.lib advapi32.lib shell32.lib ole32.lib oleaut32.lib uuid.lib odbc32.lib odbccp32.lib /MANIFEST /MANIFESTUAC:"level='asInvoker' uiAccess='false'" /manifest:embed /DEBUG /PDB:"c:\users\admin\documents\visual studio 2012\Projects\TextSDL2D\Debug\TextSDL2D.pdb" /SUBSYSTEM:CONSOLE /TLBID:1 /DYNAMICBASE /NXCOMPAT /IMPLIB:"c:\users\admin\documents\visual studio 2012\Projects\TextSDL2D\Debug\TextSDL2D.lib" /MACHINE:X86 Debug\BaseObject.obj
         Debug\BossObject.obj
         Debug\BulletObject.obj
         Debug\CommonFunc.obj
         Debug\ExplosionObject.obj
         Debug\game_map.obj
         Debug\Geometric.obj
         Debug\ImpTimer.obj
         Debug\MainObject.obj
         Debug\PlayerPower.obj
         Debug\stdafx.obj
         Debug\main.obj
         Debug\TextObject.obj
         Debug\ThreatsObject.obj
         TextSDL2D.vcxproj -> c:\users\admin\documents\visual studio 2012\Projects\TextSDL2D\Debug\TextSDL2D.exe
     1>Done Building Project "c:\Users\ADMIN\documents\visual studio 2012\Projects\TextSDL2D\TextSDL2D\TextSDL2D.vcxproj" (Build target(s)).

Build succeeded.

Time Elapsed 00:00:03.78
